Determining if the pthread_create exist failed with the following output:
Change Dir: /home/sleeplynerd/Projects/lab3-tester/build/CMakeFiles/CMakeTmp

Run Build Command:"/usr/bin/make" "cmTC_a5bf8/fast"
/usr/bin/make -f CMakeFiles/cmTC_a5bf8.dir/build.make CMakeFiles/cmTC_a5bf8.dir/build
make[1]: вход в каталог «/home/sleeplynerd/Projects/lab3-tester/build/CMakeFiles/CMakeTmp»
Building C object CMakeFiles/cmTC_a5bf8.dir/CheckSymbolExists.c.o
/usr/bin/cc     -o CMakeFiles/cmTC_a5bf8.dir/CheckSymbolExists.c.o   -c /home/sleeplynerd/Projects/lab3-tester/build/CMakeFiles/CMakeTmp/CheckSymbolExists.c
Linking C executable cmTC_a5bf8
/usr/bin/cmake -E cmake_link_script CMakeFiles/cmTC_a5bf8.dir/link.txt --verbose=1
/usr/bin/cc       CMakeFiles/cmTC_a5bf8.dir/CheckSymbolExists.c.o  -o cmTC_a5bf8 -rdynamic 
CMakeFiles/cmTC_a5bf8.dir/CheckSymbolExists.c.o: In function `main':
CheckSymbolExists.c:(.text+0x16): undefined reference to `pthread_create'
collect2: error: ld returned 1 exit status
CMakeFiles/cmTC_a5bf8.dir/build.make:97: ошибка выполнения рецепта для цели «cmTC_a5bf8»
make[1]: *** [cmTC_a5bf8] Ошибка 1
make[1]: выход из каталога «/home/sleeplynerd/Projects/lab3-tester/build/CMakeFiles/CMakeTmp»
Makefile:126: ошибка выполнения рецепта для цели «cmTC_a5bf8/fast»
make: *** [cmTC_a5bf8/fast] Ошибка 2

File /home/sleeplynerd/Projects/lab3-tester/build/CMakeFiles/CMakeTmp/CheckSymbolExists.c:
/* */
#include <pthread.h>

int main(int argc, char** argv)
{
  (void)argv;
#ifndef pthread_create
  return ((int*)(&pthread_create))[argc];
#else
  (void)argc;
  return 0;
#endif
}

Determining if the function pthread_create exists in the pthreads failed with the following output:
Change Dir: /home/sleeplynerd/Projects/lab3-tester/build/CMakeFiles/CMakeTmp

Run Build Command:"/usr/bin/make" "cmTC_50c45/fast"
/usr/bin/make -f CMakeFiles/cmTC_50c45.dir/build.make CMakeFiles/cmTC_50c45.dir/build
make[1]: вход в каталог «/home/sleeplynerd/Projects/lab3-tester/build/CMakeFiles/CMakeTmp»
Building C object CMakeFiles/cmTC_50c45.dir/CheckFunctionExists.c.o
/usr/bin/cc    -DCHECK_FUNCTION_EXISTS=pthread_create   -o CMakeFiles/cmTC_50c45.dir/CheckFunctionExists.c.o   -c /usr/share/cmake-3.5/Modules/CheckFunctionExists.c
Linking C executable cmTC_50c45
/usr/bin/cmake -E cmake_link_script CMakeFiles/cmTC_50c45.dir/link.txt --verbose=1
/usr/bin/cc   -DCHECK_FUNCTION_EXISTS=pthread_create    CMakeFiles/cmTC_50c45.dir/CheckFunctionExists.c.o  -o cmTC_50c45 -rdynamic -lpthreads 
/usr/bin/ld: cannot find -lpthreads
collect2: error: ld returned 1 exit status
CMakeFiles/cmTC_50c45.dir/build.make:97: ошибка выполнения рецепта для цели «cmTC_50c45»
make[1]: *** [cmTC_50c45] Ошибка 1
make[1]: выход из каталога «/home/sleeplynerd/Projects/lab3-tester/build/CMakeFiles/CMakeTmp»
Makefile:126: ошибка выполнения рецепта для цели «cmTC_50c45/fast»
make: *** [cmTC_50c45/fast] Ошибка 2


